C:\Users\Mykola Gritchuk\Source\Repos\MyFirstProject\Client\my-app\dist\out-tsc\src\app\app.component.js
C:\Users\Mykola Gritchuk\Source\Repos\MyFirstProject\Client\my-app\dist\out-tsc\src\app\app.component.js.map
C:\Users\Mykola Gritchuk\Source\Repos\MyFirstProject\Client\my-app\dist\out-tsc\src\environments\environment.js
C:\Users\Mykola Gritchuk\Source\Repos\MyFirstProject\Client\my-app\dist\out-tsc\src\environments\environment.js.map
C:\Users\Mykola Gritchuk\Source\Repos\MyFirstProject\Client\my-app\dist\out-tsc\src\app\Models\News.js
C:\Users\Mykola Gritchuk\Source\Repos\MyFirstProject\Client\my-app\dist\out-tsc\src\app\Models\News.js.map
C:\Users\Mykola Gritchuk\Source\Repos\MyFirstProject\Client\my-app\dist\out-tsc\src\app\base.service.js
C:\Users\Mykola Gritchuk\Source\Repos\MyFirstProject\Client\my-app\dist\out-tsc\src\app\base.service.js.map
C:\Users\Mykola Gritchuk\Source\Repos\MyFirstProject\Client\my-app\dist\out-tsc\src\app\test-component\test-component.component.js
C:\Users\Mykola Gritchuk\Source\Repos\MyFirstProject\Client\my-app\dist\out-tsc\src\app\test-component\test-component.component.js.map
C:\Users\Mykola Gritchuk\Source\Repos\MyFirstProject\Client\my-app\dist\out-tsc\src\app\app.module.js
C:\Users\Mykola Gritchuk\Source\Repos\MyFirstProject\Client\my-app\dist\out-tsc\src\app\app.module.js.map
C:\Users\Mykola Gritchuk\Source\Repos\MyFirstProject\Client\my-app\dist\out-tsc\src\main.js
C:\Users\Mykola Gritchuk\Source\Repos\MyFirstProject\Client\my-app\dist\out-tsc\src\main.js.map
C:\Users\Mykola Gritchuk\Source\Repos\MyFirstProject\Client\my-app\dist\out-tsc\src\polyfills.js
C:\Users\Mykola Gritchuk\Source\Repos\MyFirstProject\Client\my-app\dist\out-tsc\src\polyfills.js.map
C:\Users\Mykola Gritchuk\Source\Repos\MyFirstProject\Client\my-app\dist\out-tsc\src\test.js
C:\Users\Mykola Gritchuk\Source\Repos\MyFirstProject\Client\my-app\dist\out-tsc\src\test.js.map
C:\Users\Mykola Gritchuk\Source\Repos\MyFirstProject\Client\my-app\dist\out-tsc\src\environments\environment.prod.js
C:\Users\Mykola Gritchuk\Source\Repos\MyFirstProject\Client\my-app\dist\out-tsc\src\environments\environment.prod.js.map
C:\Users\Mykola Gritchuk\Source\Repos\MyFirstProject\Client\my-app\dist\out-tsc\src\app\app.component.spec.js
C:\Users\Mykola Gritchuk\Source\Repos\MyFirstProject\Client\my-app\dist\out-tsc\src\app\app.component.spec.js.map
C:\Users\Mykola Gritchuk\Source\Repos\MyFirstProject\Client\my-app\dist\out-tsc\src\app\base.service.spec.js
C:\Users\Mykola Gritchuk\Source\Repos\MyFirstProject\Client\my-app\dist\out-tsc\src\app\base.service.spec.js.map
C:\Users\Mykola Gritchuk\Source\Repos\MyFirstProject\Client\my-app\dist\out-tsc\src\app\test-component\test-component.component.spec.js
C:\Users\Mykola Gritchuk\Source\Repos\MyFirstProject\Client\my-app\dist\out-tsc\src\app\test-component\test-component.component.spec.js.map
C:\Users\Mykola Gritchuk\Source\Repos\MyFirstProject\Client\my-app\dist\out-tsc\e2e\app.po.js
C:\Users\Mykola Gritchuk\Source\Repos\MyFirstProject\Client\my-app\dist\out-tsc\e2e\app.po.js.map
C:\Users\Mykola Gritchuk\Source\Repos\MyFirstProject\Client\my-app\dist\out-tsc\e2e\app.e2e-spec.js
C:\Users\Mykola Gritchuk\Source\Repos\MyFirstProject\Client\my-app\dist\out-tsc\e2e\app.e2e-spec.js.map
C:\Users\Mykola Gritchuk\Source\Repos\scheduler\Client\my-app\dist\out-tsc\src\app\app.component.js
C:\Users\Mykola Gritchuk\Source\Repos\scheduler\Client\my-app\dist\out-tsc\src\app\app.component.js.map
C:\Users\Mykola Gritchuk\Source\Repos\scheduler\Client\my-app\dist\out-tsc\src\environments\environment.js
C:\Users\Mykola Gritchuk\Source\Repos\scheduler\Client\my-app\dist\out-tsc\src\environments\environment.js.map
C:\Users\Mykola Gritchuk\Source\Repos\scheduler\Client\my-app\dist\out-tsc\src\app\Models\News.js
C:\Users\Mykola Gritchuk\Source\Repos\scheduler\Client\my-app\dist\out-tsc\src\app\Models\News.js.map
C:\Users\Mykola Gritchuk\Source\Repos\scheduler\Client\my-app\dist\out-tsc\src\app\base.service.js
C:\Users\Mykola Gritchuk\Source\Repos\scheduler\Client\my-app\dist\out-tsc\src\app\base.service.js.map
C:\Users\Mykola Gritchuk\Source\Repos\scheduler\Client\my-app\dist\out-tsc\src\app\test-component\test-component.component.js
C:\Users\Mykola Gritchuk\Source\Repos\scheduler\Client\my-app\dist\out-tsc\src\app\test-component\test-component.component.js.map
C:\Users\Mykola Gritchuk\Source\Repos\scheduler\Client\my-app\dist\out-tsc\src\app\app.module.js
C:\Users\Mykola Gritchuk\Source\Repos\scheduler\Client\my-app\dist\out-tsc\src\app\app.module.js.map
C:\Users\Mykola Gritchuk\Source\Repos\scheduler\Client\my-app\dist\out-tsc\src\main.js
C:\Users\Mykola Gritchuk\Source\Repos\scheduler\Client\my-app\dist\out-tsc\src\main.js.map
C:\Users\Mykola Gritchuk\Source\Repos\scheduler\Client\my-app\dist\out-tsc\src\polyfills.js
C:\Users\Mykola Gritchuk\Source\Repos\scheduler\Client\my-app\dist\out-tsc\src\polyfills.js.map
C:\Users\Mykola Gritchuk\Source\Repos\scheduler\Client\my-app\dist\out-tsc\src\test.js
C:\Users\Mykola Gritchuk\Source\Repos\scheduler\Client\my-app\dist\out-tsc\src\test.js.map
C:\Users\Mykola Gritchuk\Source\Repos\scheduler\Client\my-app\dist\out-tsc\src\environments\environment.prod.js
C:\Users\Mykola Gritchuk\Source\Repos\scheduler\Client\my-app\dist\out-tsc\src\environments\environment.prod.js.map
C:\Users\Mykola Gritchuk\Source\Repos\scheduler\Client\my-app\dist\out-tsc\src\app\app.component.spec.js
C:\Users\Mykola Gritchuk\Source\Repos\scheduler\Client\my-app\dist\out-tsc\src\app\app.component.spec.js.map
C:\Users\Mykola Gritchuk\Source\Repos\scheduler\Client\my-app\dist\out-tsc\src\app\base.service.spec.js
C:\Users\Mykola Gritchuk\Source\Repos\scheduler\Client\my-app\dist\out-tsc\src\app\base.service.spec.js.map
C:\Users\Mykola Gritchuk\Source\Repos\scheduler\Client\my-app\dist\out-tsc\src\app\test-component\test-component.component.spec.js
C:\Users\Mykola Gritchuk\Source\Repos\scheduler\Client\my-app\dist\out-tsc\src\app\test-component\test-component.component.spec.js.map
C:\Users\Mykola Gritchuk\Source\Repos\scheduler\Client\my-app\dist\out-tsc\src\app\Models\City.js
C:\Users\Mykola Gritchuk\Source\Repos\scheduler\Client\my-app\dist\out-tsc\src\app\Models\City.js.map
C:\Users\Mykola Gritchuk\Source\Repos\scheduler\Client\my-app\dist\out-tsc\e2e\app.po.js
C:\Users\Mykola Gritchuk\Source\Repos\scheduler\Client\my-app\dist\out-tsc\e2e\app.po.js.map
C:\Users\Mykola Gritchuk\Source\Repos\scheduler\Client\my-app\dist\out-tsc\e2e\app.e2e-spec.js
C:\Users\Mykola Gritchuk\Source\Repos\scheduler\Client\my-app\dist\out-tsc\e2e\app.e2e-spec.js.map
